<?xml version="1.0" encoding="UTF-8"?>
<testsuite xmlns:xsi="http://www.w3.org/2001/XMLSchema-instance" xsi:noNamespaceSchemaLocation="https://maven.apache.org/surefire/maven-surefire-plugin/xsd/surefire-test-report.xsd" name="com.nit.IOCProj16RealtimeDI_StrategyDP.AppTest" time="0.034" tests="1" errors="0" skipped="0" failures="0">
  <properties>
    <property name="sun.desktop" value="windows"/>
    <property name="awt.toolkit" value="sun.awt.windows.WToolkit"/>
    <property name="file.encoding.pkg" value="sun.io"/>
    <property name="java.specification.version" value="1.8"/>
    <property name="sun.cpu.isalist" value="amd64"/>
    <property name="sun.jnu.encoding" value="Cp1252"/>
    <property name="java.class.path" value="D:\Naresh IT\Nataraz-AJ-SP\NTSP612,SPRING\Workspaces\IOCProj16RealtimeDI-StrategyDP\target\test-classes;D:\Naresh IT\Nataraz-AJ-SP\NTSP612,SPRING\Workspaces\IOCProj16RealtimeDI-StrategyDP\target\classes;C:\Users\admin\.m2\repository\junit\junit\4.11\junit-4.11.jar;C:\Users\admin\.m2\repository\org\hamcrest\hamcrest-core\1.3\hamcrest-core-1.3.jar;"/>
    <property name="java.vm.vendor" value="Oracle Corporation"/>
    <property name="sun.arch.data.model" value="64"/>
    <property name="user.variant" value=""/>
    <property name="java.vendor.url" value="http://java.oracle.com/"/>
    <property name="user.timezone" value="Asia/Calcutta"/>
    <property name="java.vm.specification.version" value="1.8"/>
    <property name="os.name" value="Windows 10"/>
    <property name="user.country" value="US"/>
    <property name="sun.java.launcher" value="SUN_STANDARD"/>
    <property name="sun.boot.library.path" value="C:\Java\jdk1.8.0_221\jre\bin"/>
    <property name="sun.java.command" value="C:\Users\admin\AppData\Local\Temp\surefire6068955873882070224\surefirebooter6650732122918752626.jar C:\Users\admin\AppData\Local\Temp\surefire6068955873882070224 2020-04-26T09-47-56_589-jvmRun1 surefire1074974676406133766tmp surefire_07025077512346687036tmp"/>
    <property name="surefire.test.class.path" value="D:\Naresh IT\Nataraz-AJ-SP\NTSP612,SPRING\Workspaces\IOCProj16RealtimeDI-StrategyDP\target\test-classes;D:\Naresh IT\Nataraz-AJ-SP\NTSP612,SPRING\Workspaces\IOCProj16RealtimeDI-StrategyDP\target\classes;C:\Users\admin\.m2\repository\junit\junit\4.11\junit-4.11.jar;C:\Users\admin\.m2\repository\org\hamcrest\hamcrest-core\1.3\hamcrest-core-1.3.jar;"/>
    <property name="sun.cpu.endian" value="little"/>
    <property name="user.home" value="C:\Users\admin"/>
    <property name="user.language" value="en"/>
    <property name="java.specification.vendor" value="Oracle Corporation"/>
    <property name="java.home" value="C:\Java\jdk1.8.0_221\jre"/>
    <property name="basedir" value="D:\Naresh IT\Nataraz-AJ-SP\NTSP612,SPRING\Workspaces\IOCProj16RealtimeDI-StrategyDP"/>
    <property name="file.separator" value="\"/>
    <property name="line.separator" value="&#10;"/>
    <property name="java.vm.specification.vendor" value="Oracle Corporation"/>
    <property name="java.specification.name" value="Java Platform API Specification"/>
    <property name="java.awt.graphicsenv" value="sun.awt.Win32GraphicsEnvironment"/>
    <property name="surefire.real.class.path" value="C:\Users\admin\AppData\Local\Temp\surefire6068955873882070224\surefirebooter6650732122918752626.jar"/>
    <property name="sun.boot.class.path" value="C:\Java\jdk1.8.0_221\jre\lib\resources.jar;C:\Java\jdk1.8.0_221\jre\lib\rt.jar;C:\Java\jdk1.8.0_221\jre\lib\sunrsasign.jar;C:\Java\jdk1.8.0_221\jre\lib\jsse.jar;C:\Java\jdk1.8.0_221\jre\lib\jce.jar;C:\Java\jdk1.8.0_221\jre\lib\charsets.jar;C:\Java\jdk1.8.0_221\jre\lib\jfr.jar;C:\Java\jdk1.8.0_221\jre\classes"/>
    <property name="user.script" value=""/>
    <property name="sun.management.compiler" value="HotSpot 64-Bit Tiered Compilers"/>
    <property name="java.runtime.version" value="1.8.0_221-b11"/>
    <property name="user.name" value="MAHHESH"/>
    <property name="path.separator" value=";"/>
    <property name="os.version" value="10.0"/>
    <property name="java.endorsed.dirs" value="C:\Java\jdk1.8.0_221\jre\lib\endorsed"/>
    <property name="java.runtime.name" value="Java(TM) SE Runtime Environment"/>
    <property name="file.encoding" value="Cp1252"/>
    <property name="java.vm.name" value="Java HotSpot(TM) 64-Bit Server VM"/>
    <property name="localRepository" value="C:\Users\admin\.m2\repository"/>
    <property name="java.vendor.url.bug" value="http://bugreport.sun.com/bugreport/"/>
    <property name="java.io.tmpdir" value="C:\Users\admin\AppData\Local\Temp\"/>
    <property name="java.version" value="1.8.0_221"/>
    <property name="user.dir" value="D:\Naresh IT\Nataraz-AJ-SP\NTSP612,SPRING\Workspaces\IOCProj16RealtimeDI-StrategyDP"/>
    <property name="os.arch" value="amd64"/>
    <property name="java.vm.specification.name" value="Java Virtual Machine Specification"/>
    <property name="java.awt.printerjob" value="sun.awt.windows.WPrinterJob"/>
    <property name="sun.os.patch.level" value=""/>
    <property name="java.library.path" value="C:\Java\jdk1.8.0_221\jre\bin;C:\WINDOWS\Sun\Java\bin;C:\WINDOWS\system32;C:\WINDOWS;C:\Java\jdk1.8.0_221\jre\bin;C:/Java/jdk1.8.0_221/bin/../jre/bin/server;C:/Java/jdk1.8.0_221/bin/../jre/bin;C:/Java/jdk1.8.0_221/bin/../jre/lib/amd64;C:\Java\jdk1.8.0_221\bin;D:\MavenTool 3.6.3\bin;C:\Program Files\MySQL\MySQL Shell 8.0\bin;C:\Java\jdk1.8.0_221\bin;D:\MavenTool 3.6.3\bin;C:\Users\admin\AppData\Local\Microsoft\WindowsApps;C:\Users\admin\AppData\Roaming\npm;C:\Users\admin\AppData\Local\Programs\Microsoft VS Code\bin;;D:\Eclipse JEE;;."/>
    <property name="java.vm.info" value="mixed mode"/>
    <property name="java.vendor" value="Oracle Corporation"/>
    <property name="java.vm.version" value="25.221-b11"/>
    <property name="java.ext.dirs" value="C:\Java\jdk1.8.0_221\jre\lib\ext;C:\WINDOWS\Sun\Java\lib\ext"/>
    <property name="sun.io.unicode.encoding" value="UnicodeLittle"/>
    <property name="java.class.version" value="52.0"/>
  </properties>
  <testcase name="shouldAnswerWithTrue" classname="com.nit.IOCProj16RealtimeDI_StrategyDP.AppTest" time="0.004"/>
</testsuite>